<?xml version="1.0" encoding="UTF-8"?>
<testsuite name="ATB5XRestAssured"
           tests="3"
           failures="0"
           errors="0"
           skipped="0"
           time="0.017">
    <properties></properties>



            <testcase
                name="getbookingId"
                time="0.001"
                classname="com.thetestingacademy.testng.TestNG011">
            </testcase>
            <testcase
                name="testPutRequest"
                time="0.003"
                classname="com.thetestingacademy.testng.TestNG011">
            </testcase>
            <testcase
                name="getToken"
                time="0.013"
                classname="com.thetestingacademy.testng.TestNG011">
            </testcase>
</testsuite>
