<?xml version="1.0" encoding="UTF-8"?>
<testsuite name="ATB5XRestAssured"
           tests="3"
           failures="0"
           errors="0"
           skipped="0"
           time="0.024">
    <properties></properties>



            <testcase
                name="t2"
                time="0.015"
                classname="com.thetestingacademy.testng.TestNG006">
            </testcase>
            <testcase
                name="t1"
                time="0.002"
                classname="com.thetestingacademy.testng.TestNG006">
            </testcase>
            <testcase
                name="t3"
                time="0.007"
                classname="com.thetestingacademy.testng.TestNG006">
            </testcase>
</testsuite>
