<?xml version="1.0" encoding="UTF-8"?>
<testsuite name="ATB5XRestAssured"
           tests="3"
           failures="0"
           errors="0"
           skipped="0"
           time="0.014">
    <properties></properties>



            <testcase
                name="loginTest"
                time="0.011"
                classname="com.thetestingacademy.testng.TestNG013">
            </testcase>
            <testcase
                name="loginTest"
                time="0.001"
                classname="com.thetestingacademy.testng.TestNG013">
            </testcase>
            <testcase
                name="loginTest"
                time="0.002"
                classname="com.thetestingacademy.testng.TestNG013">
            </testcase>
</testsuite>
