<?xml version="1.0" encoding="UTF-8"?>
<testsuite name="/Users/pramod/Documents/Code/APIAutomationRestAssured5X"
           tests="2"
           failures="0"
           errors="0"
           skipped="0"
           time="4.777">
    <properties></properties>



            <testcase
                name="testPutRequest"
                time="1.968"
                classname="com.thetestingacademy.testng.testngexamples.TestNG005">
            </testcase>
            <testcase
                name="testPutRequest2"
                time="2.809"
                classname="com.thetestingacademy.testng.testngexamples.TestNG005">
            </testcase>
</testsuite>
