<?xml version="1.0" encoding="UTF-8"?>
<testsuite name="ATB5XRestAssured"
           tests="3"
           failures="0"
           errors="0"
           skipped="0"
           time="0.012">
    <properties></properties>



            <testcase
                name="loginTest"
                time="0.010"
                classname="com.thetestingacademy.testng.DDT.DDT">
            </testcase>
            <testcase
                name="loginTest"
                time="0.001"
                classname="com.thetestingacademy.testng.DDT.DDT">
            </testcase>
            <testcase
                name="loginTest"
                time="0.001"
                classname="com.thetestingacademy.testng.DDT.DDT">
            </testcase>
</testsuite>
