<?xml version="1.0" encoding="UTF-8"?>
<testsuite name="APIAutomationRestAssured5X"
           tests="2"
           failures="0"
           errors="0"
           skipped="0"
           time="0.009">
    <properties></properties>



            <testcase
                name="testMethod2"
                time="0.005"
                classname="com.thetestingacademy.testng.Parallel.Main">
            </testcase>
            <testcase
                name="testMethod1"
                time="0.004"
                classname="com.thetestingacademy.testng.Parallel.Main">
            </testcase>
</testsuite>
