<?xml version="1.0" encoding="UTF-8"?>
<testsuite name="D:/Surekha/ATB5X/ATB5XRestAssured/ATB5XRestAssured/src/test/java/com/thetestingacademy/tests/crud/GET/GetRequestNonBDDTestNG.java"
           tests="1"
           failures="0"
           errors="0"
           skipped="0"
           time="5.447">
    <properties></properties>



            <testcase
                name="testBDDStylePost"
                time="5.447"
                classname="com.thetestingacademy.tests.crud.POST.BDDStylePost">
            </testcase>
</testsuite>
