<?xml version="1.0" encoding="UTF-8"?>
<testsuite name="ATB5XRestAssured"
           tests="4"
           failures="0"
           errors="0"
           skipped="0"
           time="0.013">
    <properties></properties>



            <testcase
                name="testLogin"
                time="0.001"
                classname="com.thetestingacademy.testng.DDT.DDT01">
            </testcase>
            <testcase
                name="testLogin"
                time="0.003"
                classname="com.thetestingacademy.testng.DDT.DDT01">
            </testcase>
            <testcase
                name="testLogin"
                time="0.000"
                classname="com.thetestingacademy.testng.DDT.DDT01">
            </testcase>
            <testcase
                name="testLogin"
                time="0.009"
                classname="com.thetestingacademy.testng.DDT.DDT01">
            </testcase>
</testsuite>
